Determining if the C compiler works failed with the following output:
Change Dir: D:/Francisco´s stuff/CLionProjects/ProjetoLI2/Teste_2018/19/cmake-build-debug/CMakeFiles/CMakeTmp

Run Build Command(s):C:/MinGW/bin/mingw32-make.exe cmTC_37f44/fast && C:/MinGW/bin/mingw32-make.exe  -f CMakeFiles\cmTC_37f44.dir\build.make CMakeFiles/cmTC_37f44.dir/build
mingw32-make.exe[1]: Entering directory 'D:/Francisco┤s stuff/CLionProjects/ProjetoLI2/Teste_2018/19/cmake-build-debug/CMakeFiles/CMakeTmp'
Building C object CMakeFiles/cmTC_37f44.dir/testCCompiler.c.obj
C:\MinGW\bin\gcc.exe    -o CMakeFiles\cmTC_37f44.dir\testCCompiler.c.obj   -c "D:\Francisco┬┤s stuff\CLionProjects\ProjetoLI2\Teste_2018\19\cmake-build-debug\CMakeFiles\CMakeTmp\testCCompiler.c"
gcc.exe: error: D:\Francisco-ªs stuff\CLionProjects\ProjetoLI2\Teste_2018\19\cmake-build-debug\CMakeFiles\CMakeTmp\testCCompiler.c: No such file or directory
gcc.exe: fatal error: no input files
compilation terminated.
CMakeFiles\cmTC_37f44.dir\build.make:84: recipe for target 'CMakeFiles/cmTC_37f44.dir/testCCompiler.c.obj' failed
mingw32-make.exe[1]: *** [CMakeFiles/cmTC_37f44.dir/testCCompiler.c.obj] Error 1
mingw32-make.exe[1]: Leaving directory 'D:/Francisco┤s stuff/CLionProjects/ProjetoLI2/Teste_2018/19/cmake-build-debug/CMakeFiles/CMakeTmp'
Makefile:140: recipe for target 'cmTC_37f44/fast' failed
mingw32-make.exe: *** [cmTC_37f44/fast] Error 2



